#
# A fatal error has been detected by the Java Runtime Environment:
#
#  SIGSEGV (0xb) at pc=0x00000001254d73fd, pid=10937, tid=775
#
# JRE version: Java(TM) SE Runtime Environment (8.0_25-b17) (build 1.8.0_25-b17)
# Java VM: Java HotSpot(TM) 64-Bit Server VM (25.25-b02 mixed mode bsd-amd64 compressed oops)
# Problematic frame:
# C  [libglass.dylib+0x163fd]  GlassScreenDidChangeScreenParameters+0x9d
#
# Failed to write core dump. Core dumps have been disabled. To enable core dumping, try "ulimit -c unlimited" before starting Java again
#
# If you would like to submit a bug report, please visit:
#   http://bugreport.sun.com/bugreport/crash.jsp
#

---------------  T H R E A D  ---------------

Current thread is native thread

siginfo: si_signo: 11 (SIGSEGV), si_code: 1 (SEGV_MAPERR), si_addr: 0x0000000000000000

Registers:
RAX=0x0000000125509e40, RBX=0x0000000000000000, RCX=0x0000000000000103, RDX=0x00007faf7ba41430
RSP=0x00007fff55971de0, RBP=0x00007fff55971df0, RSI=0x00007faf79c08840, RDI=0x0000000000000000
R8 =0x0000000000000040, R9 =0x00007fffa4b20040, R10=0xffffffffffffffff, R11=0x0000000000012068
R12=0x0000000000000000, R13=0x00007faf7ba3c660, R14=0x00007faf79f0fe10, R15=0x0000000000000000
RIP=0x00000001254d73fd, EFLAGS=0x0000000000010206, ERR=0x0000000000000004
  TRAPNO=0x000000000000000e

Top of Stack: (sp=0x00007fff55971de0)
0x00007fff55971de0:   00007faf7ba3c6a0 00007faf79f0fe10
0x00007fff55971df0:   00007fff55971e00 00007fff8670c9fc
0x00007fff55971e00:   00007fff55971e70 00007fff8670c8fb
0x00007fff55971e10:   00007fff86a30ce7 00007fffa4b1b060
0x00007fff55971e20:   00000000c2000000 00007fff8670c950
0x00007fff55971e30:   00007fffa1463680 00007faf7ba3c660
0x00007fff55971e40:   00007faf79f0fe10 00007fff559725e8
0x00007fff55971e50:   00007fff55971f30 00007fff9b404b40
0x00007fff55971e60:   00007faf7ba3c660 00007fff84e3f962
0x00007fff55971e70:   00007fff55971eb0 00007fff8670c662
0x00007fff55971e80:   00007fff55972470 0000000000000000
0x00007fff55971e90:   00007fff55971f30 00007fff9b404b40
0x00007fff55971ea0:   00007fff559725e8 00007fff84e3f962
0x00007fff55971eb0:   00007fff559725a0 00007fff866cad12
0x00007fff55971ec0:   0000000000000190 01ffffffa145db01
0x00007fff55971ed0:   00007faf7ba04f50 00007fffa1464cb0
0x00007fff55971ee0:   0000000000000000 00007faf7b0f3048
0x00007fff55971ef0:   00007faf7ba04f01 00007faf79d3a2c0
0x00007fff55971f00:   00007fffa15970c0 0000000000000000
0x00007fff55971f10:   00007faf7ba3c750 0000000000000000
0x00007fff55971f20:   0000000000000000 00007fffa14a38e0
0x00007fff55971f30:   00007fff55972470 0000000000000001
0x00007fff55971f40:   0000000000000100 00007fff866c5d00
0x00007fff55971f50:   00007fff55972370 0000000000000000
0x00007fff55971f60:   0000000000000100 00007fffa14a4e00
0x00007fff55971f70:   00007faf79d0d160 0000000000000001
0x00007fff55971f80:   00007fff559725d0 00007fff866c58e9
0x00007fff55971f90:   00007fff55972070 00007faf79c85c20
0x00007fff55971fa0:   00007fff55972040 00007fff85c594bf
0x00007fff55971fb0:   0000000000000320 00007faf79f0f7b0
0x00007fff55971fc0:   00000000000001b2 0000000000000002
0x00007fff55971fd0:   00007fff55972060 00007fff9be8d4be 

Instructions: (pc=0x00000001254d73fd)
0x00000001254d73dd:   89 df 4c 89 f1 41 ff 90 68 04 00 00 48 8d 05 58
0x00000001254d73ed:   29 03 00 48 8b 30 48 8d 05 46 2a 03 00 48 8b 10
0x00000001254d73fd:   48 8b 0b 30 c0 48 89 df ff 91 68 04 00 00 48 8b
0x00000001254d740d:   03 48 89 df ff 50 78 48 85 c0 74 36 49 89 c6 48 

Register to memory mapping:

RAX=0x0000000125509e40: jScreenNotifySettingsChanged+0 in /Library/Java/JavaVirtualMachines/jdk1.8.0_25.jdk/Contents/Home/jre/lib/libglass.dylib at 0x00000001254c1000
RBX=0x0000000000000000 is an unknown value
RCX=0x0000000000000103 is an unknown value
RDX=0x00007faf7ba41430 is an unknown value
RSP=0x00007fff55971de0 is an unknown value
RBP=0x00007fff55971df0 is an unknown value
RSI=0x00007faf79c08840 is a global jni handle
RDI=0x0000000000000000 is an unknown value
R8 =0x0000000000000040 is an unknown value
R9 =0x00007fffa4b20040: __sFX+0x1c0 in /usr/lib/system/libsystem_c.dylib at 0x00007fff9bd29000
R10=0xffffffffffffffff is an unknown value
R11=0x0000000000012068 is an unknown value
R12=0x0000000000000000 is an unknown value
R13=0x00007faf7ba3c660 is an unknown value
R14=0x00007faf79f0fe10 is an unknown value
R15=0x0000000000000000 is an unknown value


Stack: [0x00007fff55176000,0x00007fff55976000],  sp=0x00007fff55971de0,  free space=8175k
Native frames: (J=compiled Java code, j=interpreted, Vv=VM code, C=native code)
C  [libglass.dylib+0x163fd]  GlassScreenDidChangeScreenParameters+0x9d
C  [CoreFoundation+0x9a9fc]  __CFNOTIFICATIONCENTER_IS_CALLING_OUT_TO_AN_OBSERVER__+0xc
C  [CoreFoundation+0x9a8fb]  _CFXRegistrationPost+0x1ab
C  [CoreFoundation+0x9a662]  ___CFXNotificationPost_block_invoke+0x32
C  [CoreFoundation+0x58d12]  -[_CFXNotificationRegistrar find:object:observer:enumerator:]+0x7e2
C  [CoreFoundation+0x57cfb]  _CFXNotificationPost+0x29b
C  [Foundation+0x6a37]  -[NSNotificationCenter postNotificationName:object:userInfo:]+0x42
C  [AppKit+0x3f08ae]  -[NSApplication _reactToScreenInvalidationImmediately:]+0x18f
C  [AppKit+0x3f06eb]  __44-[NSApplication _reactToScreenInvalidation:]_block_invoke+0x3b
C  [CoreFoundation+0xa471c]  __CFRUNLOOP_IS_CALLING_OUT_TO_A_BLOCK__+0xc
C  [CoreFoundation+0x859d4]  __CFRunLoopDoBlocks+0x164
C  [CoreFoundation+0x85516]  __CFRunLoopRun+0x766
C  [CoreFoundation+0x84b54]  CFRunLoopRunSpecific+0x1a4
C  [java+0x56cc]  CreateExecutionEnvironment+0x367
C  [java+0x165c]  JLI_Launch+0x7a0
C  [java+0x768a]  main+0x65
C  [java+0xeb4]  start+0x34


---------------  P R O C E S S  ---------------

VM state:not at safepoint (normal execution)

VM Mutex/Monitor currently owned by a thread: None

Heap:
 PSYoungGen      total 38400K, used 16491K [0x0000000795580000, 0x0000000798000000, 0x00000007c0000000)
  eden space 33280K, 49% used [0x0000000795580000,0x000000079659ad70,0x0000000797600000)
  from space 5120K, 0% used [0x0000000797b00000,0x0000000797b00000,0x0000000798000000)
  to   space 5120K, 0% used [0x0000000797600000,0x0000000797600000,0x0000000797b00000)
 ParOldGen       total 87552K, used 0K [0x0000000740000000, 0x0000000745580000, 0x0000000795580000)
  object space 87552K, 0% used [0x0000000740000000,0x0000000740000000,0x0000000745580000)
 Metaspace       used 7824K, capacity 8168K, committed 8320K, reserved 1056768K
  class space    used 953K, capacity 1048K, committed 1152K, reserved 1048576K

Card table byte_map: [0x000000010c710000,0x000000010cb11000] byte_map_base: 0x0000000108d10000

Marking Bits: (ParMarkBitMap*) 0x000000010bc9d390
 Begin Bits: [0x000000010cdbc000, 0x000000010edbc000)
 End Bits:   [0x000000010edbc000, 0x0000000110dbc000)

Polling page: 0x000000010a3cd000

CodeCache: size=245760Kb used=2458Kb max_used=2465Kb free=243301Kb
 bounds [0x00000001128f6000, 0x0000000112b66000, 0x00000001218f6000]
 total_blobs=975 nmethods=590 adapters=300
 compilation: enabled

Compilation events (10 events):
Event: 3.014 Thread 0x00007faf7c017800  581       3       jdk.internal.org.objectweb.asm.MethodWriter::noSuccessor (87 bytes)
Event: 3.014 Thread 0x00007faf7c016000 nmethod 579 0x0000000112b5a990 code [0x0000000112b5ab00, 0x0000000112b5ac48]
Event: 3.016 Thread 0x00007faf7c017800 nmethod 581 0x0000000112b5a110 code [0x0000000112b5a2a0, 0x0000000112b5a788]
Event: 3.016 Thread 0x00007faf7c017800  582       3       java.lang.invoke.MemberName::getModifiers (8 bytes)
Event: 3.016 Thread 0x00007faf7c017800 nmethod 582 0x0000000112b59e10 code [0x0000000112b59f60, 0x0000000112b5a0b0]
Event: 3.025 Thread 0x00007faf7c017800  584       3       java.lang.invoke.MethodHandles$Lookup::fixmods (16 bytes)
Event: 3.025 Thread 0x00007faf7c017800 nmethod 584 0x0000000112b59710 code [0x0000000112b59880, 0x0000000112b59a10]
Event: 3.025 Thread 0x00007faf7c017800  585       3       sun.invoke.util.VerifyAccess::isMemberAccessible (261 bytes)
Event: 3.027 Thread 0x00007faf7c017800 nmethod 585 0x0000000112b5ad90 code [0x0000000112b5b060, 0x0000000112b5c5b8]
Event: 3.027 Thread 0x00007faf7c017800  587       1       java.nio.Buffer::limit (5 bytes)

GC Heap History (0 events):
No events

Deoptimization events (2 events):
Event: 2.866 Thread 0x00007faf7b0ed800 Uncommon trap: reason=unreached action=reinterpret pc=0x0000000112b2e97c method=java.util.HashMap.getNode(ILjava/lang/Object;)Ljava/util/HashMap$Node; @ 84
Event: 2.866 Thread 0x00007faf7b0ed800 Uncommon trap: reason=unreached action=reinterpret pc=0x0000000112b2f508 method=java.util.HashMap.getNode(ILjava/lang/Object;)Ljava/util/HashMap$Node; @ 84

Internal exceptions (10 events):
Event: 0.260 Thread 0x00007faf7b000800 Exception <a 'java/lang/NoSuchFieldError': method resolution failed> (0x0000000795938e68) thrown at [/HUDSON3/workspace/8-2-build-macosx-x86_64/jdk8u25/1514/hotspot/src/share/vm/prims/methodHandles.cpp, line 1159]
Event: 0.261 Thread 0x00007faf7b000800 Exception <a 'java/lang/NoSuchFieldError': method resolution failed> (0x000000079593bfc8) thrown at [/HUDSON3/workspace/8-2-build-macosx-x86_64/jdk8u25/1514/hotspot/src/share/vm/prims/methodHandles.cpp, line 1159]
Event: 0.289 Thread 0x00007faf7d85c000 Exception <a 'java/security/PrivilegedActionException'> (0x0000000795a2f0d8) thrown at [/HUDSON3/workspace/8-2-build-macosx-x86_64/jdk8u25/1514/hotspot/src/share/vm/prims/jvm.cpp, line 1312]
Event: 0.289 Thread 0x00007faf7d85c000 Exception <a 'java/security/PrivilegedActionException'> (0x0000000795a2f290) thrown at [/HUDSON3/workspace/8-2-build-macosx-x86_64/jdk8u25/1514/hotspot/src/share/vm/prims/jvm.cpp, line 1312]
Event: 0.289 Thread 0x00007faf7d85c000 Exception <a 'java/security/PrivilegedActionException'> (0x0000000795a32480) thrown at [/HUDSON3/workspace/8-2-build-macosx-x86_64/jdk8u25/1514/hotspot/src/share/vm/prims/jvm.cpp, line 1312]
Event: 0.289 Thread 0x00007faf7d85c000 Exception <a 'java/security/PrivilegedActionException'> (0x0000000795a32638) thrown at [/HUDSON3/workspace/8-2-build-macosx-x86_64/jdk8u25/1514/hotspot/src/share/vm/prims/jvm.cpp, line 1312]
Event: 0.290 Thread 0x00007faf7d85c000 Exception <a 'java/lang/NullPointerException'> (0x0000000795a32f38) thrown at [/HUDSON3/workspace/8-2-build-macosx-x86_64/jdk8u25/1514/hotspot/src/share/vm/interpreter/linkResolver.cpp, line 1178]
Event: 2.787 Thread 0x00007faf7b0ed800 Exception <a 'java/security/PrivilegedActionException'> (0x00000007961406c8) thrown at [/HUDSON3/workspace/8-2-build-macosx-x86_64/jdk8u25/1514/hotspot/src/share/vm/prims/jvm.cpp, line 1312]
Event: 2.789 Thread 0x00007faf7b0ed800 Exception <a 'java/security/PrivilegedActionException'> (0x000000079614ae98) thrown at [/HUDSON3/workspace/8-2-build-macosx-x86_64/jdk8u25/1514/hotspot/src/share/vm/prims/jvm.cpp, line 1312]
Event: 3.027 Thread 0x00007faf7b000800 Exception <a 'java/lang/reflect/InvocationTargetException'> (0x000000079597ad00) thrown at [/HUDSON3/workspace/8-2-build-macosx-x86_64/jdk8u25/1514/hotspot/src/share/vm/runtime/reflection.cpp, line 1080]

Events (10 events):
Event: 3.026 loading class com/sun/javafx/tk/quantum/QuantumToolkit done
Event: 3.026 Thread 0x00007faf7a06d800 Thread exited: 0x00007faf7a06d800
Event: 3.026 Thread 0x00007faf7d85c000 Thread exited: 0x00007faf7d85c000
Event: 3.026 Thread 0x00007faf7b0ed800 Thread exited: 0x00007faf7b0ed800
Event: 3.027 loading class java/lang/Throwable$WrappedPrintStream
Event: 3.027 loading class java/lang/Throwable$PrintStreamOrWriter
Event: 3.027 loading class java/lang/Throwable$PrintStreamOrWriter done
Event: 3.027 loading class java/lang/Throwable$WrappedPrintStream done
Event: 3.027 loading class java/util/IdentityHashMap$KeySet
Event: 3.027 loading class java/util/IdentityHashMap$KeySet done


Dynamic libraries:
0x00000000111e5000 	/System/Library/Frameworks/Cocoa.framework/Versions/A/Cocoa
0x00000000111e5000 	/System/Library/Frameworks/Security.framework/Versions/A/Security
0x00000000111e5000 	/System/Library/Frameworks/ApplicationServices.framework/Versions/A/ApplicationServices
0x00000000111e5000 	/usr/lib/libz.1.dylib
0x00000000111e5000 	/usr/lib/libSystem.B.dylib
0x00000000111e5000 	/usr/lib/libobjc.A.dylib
0x00000000111e5000 	/System/Library/Frameworks/CoreFoundation.framework/Versions/A/CoreFoundation
0x00000000111e5000 	/System/Library/Frameworks/Foundation.framework/Versions/C/Foundation
0x00000000111e5000 	/System/Library/Frameworks/AppKit.framework/Versions/C/AppKit
0x00000000111e5000 	/System/Library/Frameworks/CoreData.framework/Versions/A/CoreData
0x00000000111e5000 	/System/Library/PrivateFrameworks/RemoteViewServices.framework/Versions/A/RemoteViewServices
0x00000000111e5000 	/System/Library/PrivateFrameworks/UIFoundation.framework/Versions/A/UIFoundation
0x00000000111e5000 	/System/Library/PrivateFrameworks/DFRFoundation.framework/Versions/A/DFRFoundation
0x00000000111e5000 	/usr/lib/libenergytrace.dylib
0x00000000111e5000 	/System/Library/PrivateFrameworks/SkyLight.framework/Versions/A/SkyLight
0x00000000111e5000 	/System/Library/Frameworks/CoreGraphics.framework/Versions/A/CoreGraphics
0x00000000111e5000 	/usr/lib/libScreenReader.dylib
0x00000000111e5000 	/System/Library/Frameworks/Accelerate.framework/Versions/A/Accelerate
0x00000000111e5000 	/System/Library/Frameworks/IOSurface.framework/Versions/A/IOSurface
0x00000000111e5000 	/System/Library/Frameworks/AudioToolbox.framework/Versions/A/AudioToolbox
0x00000000111e5000 	/System/Library/Frameworks/AudioUnit.framework/Versions/A/AudioUnit
0x00000000111e5000 	/System/Library/PrivateFrameworks/DataDetectorsCore.framework/Versions/A/DataDetectorsCore
0x00000000111e5000 	/System/Library/PrivateFrameworks/DesktopServicesPriv.framework/Versions/A/DesktopServicesPriv
0x00000000111e5000 	/System/Library/Frameworks/Carbon.framework/Versions/A/Frameworks/HIToolbox.framework/Versions/A/HIToolbox
0x00000000111e5000 	/usr/lib/libicucore.A.dylib
0x00000000111e5000 	/System/Library/Frameworks/QuartzCore.framework/Versions/A/QuartzCore
0x00000000111e5000 	/System/Library/Frameworks/Carbon.framework/Versions/A/Frameworks/SpeechRecognition.framework/Versions/A/SpeechRecognition
0x00000000111e5000 	/usr/lib/libauto.dylib
0x00000000111e5000 	/usr/lib/libxml2.2.dylib
0x00000000111e5000 	/System/Library/PrivateFrameworks/CoreUI.framework/Versions/A/CoreUI
0x00000000111e5000 	/System/Library/Frameworks/CoreAudio.framework/Versions/A/CoreAudio
0x00000000111e5000 	/System/Library/Frameworks/DiskArbitration.framework/Versions/A/DiskArbitration
0x00000000111e5000 	/usr/lib/liblangid.dylib
0x00000000111e5000 	/System/Library/PrivateFrameworks/MultitouchSupport.framework/Versions/A/MultitouchSupport
0x00000000111e5000 	/System/Library/Frameworks/IOKit.framework/Versions/A/IOKit
0x00000000111e5000 	/usr/lib/libDiagnosticMessagesClient.dylib
0x00000000111e5000 	/System/Library/Frameworks/CoreServices.framework/Versions/A/CoreServices
0x00000000111e5000 	/System/Library/PrivateFrameworks/PerformanceAnalysis.framework/Versions/A/PerformanceAnalysis
0x00000000111e5000 	/System/Library/PrivateFrameworks/GenerationalStorage.framework/Versions/A/GenerationalStorage
0x00000000111e5000 	/System/Library/Frameworks/OpenGL.framework/Versions/A/OpenGL
0x00000000111e5000 	/System/Library/Frameworks/CoreImage.framework/Versions/A/CoreImage
0x00000000111e5000 	/System/Library/Frameworks/CoreText.framework/Versions/A/CoreText
0x00000000111e5000 	/System/Library/Frameworks/ImageIO.framework/Versions/A/ImageIO
0x00000000111e5000 	/System/Library/PrivateFrameworks/Backup.framework/Versions/A/Backup
0x00000000111e5000 	/usr/lib/libarchive.2.dylib
0x00000000111e5000 	/System/Library/Frameworks/CFNetwork.framework/Versions/A/CFNetwork
0x00000000111e5000 	/System/Library/Frameworks/SystemConfiguration.framework/Versions/A/SystemConfiguration
0x00000000111e5000 	/usr/lib/libCRFSuite.dylib
0x00000000111e5000 	/usr/lib/libc++.1.dylib
0x00000000111e5000 	/usr/lib/libc++abi.dylib
0x00000000111e5000 	/usr/lib/system/libcache.dylib
0x00000000111e5000 	/usr/lib/system/libcommonCrypto.dylib
0x00000000111e5000 	/usr/lib/system/libcompiler_rt.dylib
0x00000000111e5000 	/usr/lib/system/libcopyfile.dylib
0x00000000111e5000 	/usr/lib/system/libcorecrypto.dylib
0x00000000111e5000 	/usr/lib/system/libdispatch.dylib
0x00000000111e5000 	/usr/lib/system/libdyld.dylib
0x00000000111e5000 	/usr/lib/system/libkeymgr.dylib
0x00000000111e5000 	/usr/lib/system/liblaunch.dylib
0x00000000111e5000 	/usr/lib/system/libmacho.dylib
0x00000000111e5000 	/usr/lib/system/libquarantine.dylib
0x00000000111e5000 	/usr/lib/system/libremovefile.dylib
0x00000000111e5000 	/usr/lib/system/libsystem_asl.dylib
0x00000000111e5000 	/usr/lib/system/libsystem_blocks.dylib
0x00000000111e5000 	/usr/lib/system/libsystem_c.dylib
0x00000000111e5000 	/usr/lib/system/libsystem_configuration.dylib
0x00000000111e5000 	/usr/lib/system/libsystem_coreservices.dylib
0x00000000111e5000 	/usr/lib/system/libsystem_coretls.dylib
0x00000000111e5000 	/usr/lib/system/libsystem_dnssd.dylib
0x00000000111e5000 	/usr/lib/system/libsystem_info.dylib
0x00000000111e5000 	/usr/lib/system/libsystem_kernel.dylib
0x00000000111e5000 	/usr/lib/system/libsystem_m.dylib
0x00000000111e5000 	/usr/lib/system/libsystem_malloc.dylib
0x00000000111e5000 	/usr/lib/system/libsystem_network.dylib
0x00000000111e5000 	/usr/lib/system/libsystem_networkextension.dylib
0x00000000111e5000 	/usr/lib/system/libsystem_notify.dylib
0x00000000111e5000 	/usr/lib/system/libsystem_platform.dylib
0x00000000111e5000 	/usr/lib/system/libsystem_pthread.dylib
0x00000000111e5000 	/usr/lib/system/libsystem_sandbox.dylib
0x00000000111e5000 	/usr/lib/system/libsystem_secinit.dylib
0x00000000111e5000 	/usr/lib/system/libsystem_symptoms.dylib
0x00000000111e5000 	/usr/lib/system/libsystem_trace.dylib
0x00000000111e5000 	/usr/lib/system/libunwind.dylib
0x00000000111e5000 	/usr/lib/system/libxpc.dylib
0x00000000111e5000 	/usr/lib/libbsm.0.dylib
0x00000000111e5000 	/usr/lib/system/libkxld.dylib
0x00000000111e5000 	/usr/lib/libcoretls.dylib
0x00000000111e5000 	/usr/lib/libcoretls_cfhelpers.dylib
0x00000000111e5000 	/usr/lib/libxar.1.dylib
0x00000000111e5000 	/usr/lib/libsqlite3.dylib
0x00000000111e5000 	/usr/lib/libpam.2.dylib
0x00000000111e5000 	/usr/lib/libOpenScriptingUtil.dylib
0x00000000111e5000 	/usr/lib/libbz2.1.0.dylib
0x00000000111e5000 	/usr/lib/liblzma.5.dylib
0x00000000111e5000 	/usr/lib/libnetwork.dylib
0x00000000111e5000 	/usr/lib/libpcap.A.dylib
0x00000000111e5000 	/System/Library/Frameworks/CoreServices.framework/Versions/A/Frameworks/FSEvents.framework/Versions/A/FSEvents
0x00000000111e5000 	/System/Library/Frameworks/CoreServices.framework/Versions/A/Frameworks/CarbonCore.framework/Versions/A/CarbonCore
0x00000000111e5000 	/System/Library/Frameworks/CoreServices.framework/Versions/A/Frameworks/Metadata.framework/Versions/A/Metadata
0x00000000111e5000 	/System/Library/Frameworks/CoreServices.framework/Versions/A/Frameworks/OSServices.framework/Versions/A/OSServices
0x00000000111e5000 	/System/Library/Frameworks/CoreServices.framework/Versions/A/Frameworks/SearchKit.framework/Versions/A/SearchKit
0x00000000111e5000 	/System/Library/Frameworks/CoreServices.framework/Versions/A/Frameworks/AE.framework/Versions/A/AE
0x00000000111e5000 	/System/Library/Frameworks/CoreServices.framework/Versions/A/Frameworks/LaunchServices.framework/Versions/A/LaunchServices
0x00000000111e5000 	/System/Library/Frameworks/CoreServices.framework/Versions/A/Frameworks/DictionaryServices.framework/Versions/A/DictionaryServices
0x00000000111e5000 	/System/Library/Frameworks/CoreServices.framework/Versions/A/Frameworks/SharedFileList.framework/Versions/A/SharedFileList
0x00000000111e5000 	/System/Library/Frameworks/NetFS.framework/Versions/A/NetFS
0x00000000111e5000 	/System/Library/PrivateFrameworks/NetAuth.framework/Versions/A/NetAuth
0x00000000111e5000 	/System/Library/PrivateFrameworks/login.framework/Versions/A/Frameworks/loginsupport.framework/Versions/A/loginsupport
0x00000000111e5000 	/System/Library/PrivateFrameworks/TCC.framework/Versions/A/TCC
0x00000000111e5000 	/usr/lib/libmecabra.dylib
0x00000000111e5000 	/System/Library/Frameworks/ApplicationServices.framework/Versions/A/Frameworks/ATS.framework/Versions/A/ATS
0x00000000111e5000 	/System/Library/Frameworks/ApplicationServices.framework/Versions/A/Frameworks/ColorSync.framework/Versions/A/ColorSync
0x00000000111e5000 	/System/Library/Frameworks/ApplicationServices.framework/Versions/A/Frameworks/HIServices.framework/Versions/A/HIServices
0x00000000111e5000 	/System/Library/Frameworks/ApplicationServices.framework/Versions/A/Frameworks/LangAnalysis.framework/Versions/A/LangAnalysis
0x00000000111e5000 	/System/Library/Frameworks/ApplicationServices.framework/Versions/A/Frameworks/PrintCore.framework/Versions/A/PrintCore
0x00000000111e5000 	/System/Library/Frameworks/ApplicationServices.framework/Versions/A/Frameworks/QD.framework/Versions/A/QD
0x00000000111e5000 	/System/Library/Frameworks/ApplicationServices.framework/Versions/A/Frameworks/SpeechSynthesis.framework/Versions/A/SpeechSynthesis
0x00000000111e5000 	/System/Library/Frameworks/Accelerate.framework/Versions/A/Frameworks/vImage.framework/Versions/A/vImage
0x00000000111e5000 	/System/Library/Frameworks/Accelerate.framework/Versions/A/Frameworks/vecLib.framework/Versions/A/vecLib
0x00000000111e5000 	/System/Library/Frameworks/Accelerate.framework/Versions/A/Frameworks/vecLib.framework/Versions/A/libvDSP.dylib
0x00000000111e5000 	/System/Library/Frameworks/Accelerate.framework/Versions/A/Frameworks/vecLib.framework/Versions/A/libBNNS.dylib
0x00000000111e5000 	/System/Library/Frameworks/Accelerate.framework/Versions/A/Frameworks/vecLib.framework/Versions/A/libQuadrature.dylib
0x00000000111e5000 	/System/Library/Frameworks/Accelerate.framework/Versions/A/Frameworks/vecLib.framework/Versions/A/libvMisc.dylib
0x00000000111e5000 	/System/Library/Frameworks/Accelerate.framework/Versions/A/Frameworks/vecLib.framework/Versions/A/libLAPACK.dylib
0x00000000111e5000 	/System/Library/Frameworks/Accelerate.framework/Versions/A/Frameworks/vecLib.framework/Versions/A/libBLAS.dylib
0x00000000111e5000 	/System/Library/Frameworks/Accelerate.framework/Versions/A/Frameworks/vecLib.framework/Versions/A/libLinearAlgebra.dylib
0x00000000111e5000 	/System/Library/Frameworks/Accelerate.framework/Versions/A/Frameworks/vecLib.framework/Versions/A/libSparseBLAS.dylib
0x00000000111e5000 	/System/Library/Frameworks/ApplicationServices.framework/Versions/A/Frameworks/ATS.framework/Versions/A/Resources/libFontParser.dylib
0x00000000111e5000 	/System/Library/Frameworks/ApplicationServices.framework/Versions/A/Frameworks/ATS.framework/Versions/A/Resources/libFontRegistry.dylib
0x00000000111e5000 	/System/Library/Frameworks/ImageIO.framework/Versions/A/Resources/libJPEG.dylib
0x00000000111e5000 	/System/Library/Frameworks/ImageIO.framework/Versions/A/Resources/libTIFF.dylib
0x00000000111e5000 	/System/Library/Frameworks/ImageIO.framework/Versions/A/Resources/libPng.dylib
0x00000000111e5000 	/System/Library/Frameworks/ImageIO.framework/Versions/A/Resources/libGIF.dylib
0x00000000111e5000 	/System/Library/Frameworks/ImageIO.framework/Versions/A/Resources/libJP2.dylib
0x00000000111e5000 	/System/Library/Frameworks/ImageIO.framework/Versions/A/Resources/libRadiance.dylib
0x00000000111e5000 	/usr/lib/libcompression.dylib
0x00000000111e5000 	/System/Library/PrivateFrameworks/AppleJPEG.framework/Versions/A/AppleJPEG
0x00000000111e5000 	/usr/lib/libcups.2.dylib
0x00000000111e5000 	/System/Library/Frameworks/Kerberos.framework/Versions/A/Kerberos
0x00000000111e5000 	/System/Library/Frameworks/GSS.framework/Versions/A/GSS
0x00000000111e5000 	/usr/lib/libresolv.9.dylib
0x00000000111e5000 	/usr/lib/libiconv.2.dylib
0x00000000111e5000 	/System/Library/PrivateFrameworks/Heimdal.framework/Versions/A/Heimdal
0x00000000111e5000 	/usr/lib/libheimdal-asn1.dylib
0x00000000111e5000 	/System/Library/Frameworks/OpenDirectory.framework/Versions/A/OpenDirectory
0x00000000111e5000 	/System/Library/PrivateFrameworks/CommonAuth.framework/Versions/A/CommonAuth
0x00000000111e5000 	/System/Library/Frameworks/OpenDirectory.framework/Versions/A/Frameworks/CFOpenDirectory.framework/Versions/A/CFOpenDirectory
0x00000000111e5000 	/System/Library/Frameworks/SecurityFoundation.framework/Versions/A/SecurityFoundation
0x00000000111e5000 	/System/Library/PrivateFrameworks/LanguageModeling.framework/Versions/A/LanguageModeling
0x00000000111e5000 	/usr/lib/libmarisa.dylib
0x00000000111e5000 	/usr/lib/libChineseTokenizer.dylib
0x00000000111e5000 	/usr/lib/libcmph.dylib
0x00000000111e5000 	/System/Library/PrivateFrameworks/CoreEmoji.framework/Versions/A/CoreEmoji
0x00000000111e5000 	/System/Library/Frameworks/ServiceManagement.framework/Versions/A/ServiceManagement
0x00000000111e5000 	/usr/lib/libxslt.1.dylib
0x00000000111e5000 	/System/Library/Frameworks/Carbon.framework/Versions/A/Frameworks/Ink.framework/Versions/A/Ink
0x00000000111e5000 	/System/Library/PrivateFrameworks/TextureIO.framework/Versions/A/TextureIO
0x00000000111e5000 	/System/Library/Frameworks/Metal.framework/Versions/A/Metal
0x00000000111e5000 	/usr/lib/libate.dylib
0x00000000111e5000 	/System/Library/PrivateFrameworks/GPUCompiler.framework/libmetal_timestamp.dylib
0x00000000111e5000 	/System/Library/Frameworks/OpenGL.framework/Versions/A/Libraries/libCoreFSCache.dylib
0x00000000111e5000 	/System/Library/PrivateFrameworks/IOAccelerator.framework/Versions/A/IOAccelerator
0x00000000111e5000 	/System/Library/Frameworks/CoreVideo.framework/Versions/A/CoreVideo
0x00000000111e5000 	/usr/lib/libFosl_dynamic.dylib
0x00000000111e5000 	/System/Library/PrivateFrameworks/MetalPerformanceShaders.framework/Versions/A/MetalPerformanceShaders
0x00000000111e5000 	/System/Library/PrivateFrameworks/FaceCore.framework/Versions/A/FaceCore
0x00000000111e5000 	/System/Library/Frameworks/OpenCL.framework/Versions/A/OpenCL
0x00000000111e5000 	/System/Library/Frameworks/OpenGL.framework/Versions/A/Libraries/libGLU.dylib
0x00000000111e5000 	/System/Library/Frameworks/OpenGL.framework/Versions/A/Libraries/libGFXShared.dylib
0x00000000111e5000 	/System/Library/Frameworks/OpenGL.framework/Versions/A/Libraries/libGL.dylib
0x00000000111e5000 	/System/Library/Frameworks/OpenGL.framework/Versions/A/Libraries/libGLImage.dylib
0x00000000111e5000 	/System/Library/Frameworks/OpenGL.framework/Versions/A/Libraries/libCVMSPluginSupport.dylib
0x00000000111e5000 	/System/Library/Frameworks/OpenGL.framework/Versions/A/Libraries/libCoreVMClient.dylib
0x00000000111e5000 	/System/Library/PrivateFrameworks/CrashReporterSupport.framework/Versions/A/CrashReporterSupport
0x00000000111e5000 	/System/Library/PrivateFrameworks/Sharing.framework/Versions/A/Sharing
0x00000000111e5000 	/System/Library/PrivateFrameworks/IconServices.framework/Versions/A/IconServices
0x00000000111e5000 	/System/Library/PrivateFrameworks/ProtocolBuffer.framework/Versions/A/ProtocolBuffer
0x00000000111e5000 	/System/Library/PrivateFrameworks/Apple80211.framework/Versions/A/Apple80211
0x00000000111e5000 	/System/Library/Frameworks/CoreWLAN.framework/Versions/A/CoreWLAN
0x00000000111e5000 	/System/Library/PrivateFrameworks/CoreUtils.framework/Versions/A/CoreUtils
0x00000000111e5000 	/System/Library/Frameworks/IOBluetooth.framework/Versions/A/IOBluetooth
0x00000000111e5000 	/System/Library/PrivateFrameworks/CoreWiFi.framework/Versions/A/CoreWiFi
0x00000000111e5000 	/System/Library/Frameworks/CoreBluetooth.framework/Versions/A/CoreBluetooth
0x00000000111e5000 	/System/Library/Frameworks/CoreDisplay.framework/Versions/A/CoreDisplay
0x00000000111e5000 	/System/Library/PrivateFrameworks/IOPresentment.framework/Versions/A/IOPresentment
0x00000000111e5000 	/System/Library/PrivateFrameworks/DebugSymbols.framework/Versions/A/DebugSymbols
0x00000000111e5000 	/System/Library/PrivateFrameworks/CoreSymbolication.framework/Versions/A/CoreSymbolication
0x00000000111e5000 	/System/Library/PrivateFrameworks/Symbolication.framework/Versions/A/Symbolication
0x00000000111e5000 	/System/Library/PrivateFrameworks/AppleFSCompression.framework/Versions/A/AppleFSCompression
0x00000000111e5000 	/System/Library/PrivateFrameworks/SpeechRecognitionCore.framework/Versions/A/SpeechRecognitionCore
0x00000000111e5000 	/System/Library/PrivateFrameworks/ChunkingLibrary.framework/Versions/A/ChunkingLibrary
0x000000010b400000 	/Library/Java/JavaVirtualMachines/jdk1.8.0_25.jdk/Contents/Home/jre/lib/server/libjvm.dylib
0x000000010a306000 	/usr/lib/libstdc++.6.dylib
0x000000010a3bf000 	/Library/Java/JavaVirtualMachines/jdk1.8.0_25.jdk/Contents/Home/jre/lib/libverify.dylib
0x000000010c31c000 	/Library/Java/JavaVirtualMachines/jdk1.8.0_25.jdk/Contents/Home/jre/lib/libjava.dylib
0x000000010a3d7000 	/Library/Java/JavaVirtualMachines/jdk1.8.0_25.jdk/Contents/Home/jre/lib/libzip.dylib
0x000000010a3e1000 	/System/Library/Frameworks/JavaVM.framework/Frameworks/JavaRuntimeSupport.framework/JavaRuntimeSupport
0x000000011284f000 	/System/Library/Frameworks/JavaVM.framework/Versions/A/Frameworks/JavaNativeFoundation.framework/Versions/A/JavaNativeFoundation
0x00000001229d6000 	/System/Library/Frameworks/JavaVM.framework/Versions/A/JavaVM
0x00000000111e5000 	/System/Library/Frameworks/Carbon.framework/Versions/A/Carbon
0x00000001229e3000 	/System/Library/PrivateFrameworks/JavaLaunching.framework/Versions/A/JavaLaunching
0x00000000111e5000 	/System/Library/Frameworks/Carbon.framework/Versions/A/Frameworks/CommonPanels.framework/Versions/A/CommonPanels
0x00000000111e5000 	/System/Library/Frameworks/Carbon.framework/Versions/A/Frameworks/Help.framework/Versions/A/Help
0x00000000111e5000 	/System/Library/Frameworks/Carbon.framework/Versions/A/Frameworks/ImageCapture.framework/Versions/A/ImageCapture
0x00000000111e5000 	/System/Library/Frameworks/Carbon.framework/Versions/A/Frameworks/OpenScripting.framework/Versions/A/OpenScripting
0x00000000111e5000 	/System/Library/Frameworks/Carbon.framework/Versions/A/Frameworks/Print.framework/Versions/A/Print
0x00000000111e5000 	/System/Library/Frameworks/Carbon.framework/Versions/A/Frameworks/SecurityHI.framework/Versions/A/SecurityHI
0x0000000124412000 	/Applications/IntelliJ IDEA CE.app/Contents/bin/libbreakgen64.jnilib
0x0000000124415000 	/Library/Java/JavaVirtualMachines/jdk1.8.0_25.jdk/Contents/Home/jre/lib/libnet.dylib
0x0000000124500000 	/Library/Java/JavaVirtualMachines/jdk1.8.0_25.jdk/Contents/Home/jre/lib/libprism_es2.dylib
0x0000000124565000 	/System/Library/Frameworks/OpenGL.framework/Resources/GLEngine.bundle/GLEngine
0x0000000124749000 	/System/Library/Frameworks/OpenGL.framework/Versions/A/Libraries/libGLProgrammability.dylib
0x0000000124b77000 	/System/Library/Extensions/AppleIntelHD4000GraphicsGLDriver.bundle/Contents/MacOS/AppleIntelHD4000GraphicsGLDriver
0x00000000111e5000 	/System/Library/PrivateFrameworks/GPUSupport.framework/Versions/A/Libraries/libGPUSupportMercury.dylib
0x00000000111e5000 	/System/Library/Extensions/GeForceGLDriver.bundle/Contents/MacOS/GeForceGLDriver
0x00000000111e5000 	/System/Library/Extensions/GeForceGLDriver.bundle/Contents/MacOS/libclh.dylib
0x0000000125225000 	/System/Library/Frameworks/OpenGL.framework/Resources//GLRendererFloat.bundle/GLRendererFloat
0x00000000111e5000 	/System/Library/Frameworks/OpenCL.framework/Versions/A/Libraries/libcldcpuengine.dylib
0x00000000111e5000 	/usr/lib/libcrypto.0.9.8.dylib
0x00000000111e5000 	/System/Library/PrivateFrameworks/TrustEvaluationAgent.framework/Versions/A/TrustEvaluationAgent
0x00000001254c1000 	/Library/Java/JavaVirtualMachines/jdk1.8.0_25.jdk/Contents/Home/jre/lib/libglass.dylib
0x00000000111e5000 	/System/Library/PrivateFrameworks/CoreServicesInternal.framework/Versions/A/CoreServicesInternal
0x00000000111e5000 	/System/Library/CoreServices/RawCamera.bundle/Contents/MacOS/RawCamera
0x0000000125945000 	/System/Library/Frameworks/Accelerate.framework/Frameworks/vImage.framework/Versions/A/Libraries/libCGInterfaces.dylib
0x00000000111e5000 	/System/Library/PrivateFrameworks/FamilyControls.framework/Versions/A/FamilyControls
0x00000000111e5000 	/System/Library/PrivateFrameworks/CommerceKit.framework/Versions/A/Frameworks/CommerceCore.framework/Versions/A/CommerceCore
0x00000000111e5000 	/System/Library/PrivateFrameworks/SystemAdministration.framework/Versions/A/SystemAdministration
0x00000000111e5000 	/System/Library/PrivateFrameworks/AppContainer.framework/Versions/A/AppContainer
0x00000000111e5000 	/System/Library/PrivateFrameworks/SecCodeWrapper.framework/Versions/A/SecCodeWrapper
0x00000000111e5000 	/System/Library/Frameworks/DirectoryService.framework/Versions/A/DirectoryService
0x00000000111e5000 	/System/Library/PrivateFrameworks/DiskImages.framework/Versions/A/DiskImages
0x00000000111e5000 	/System/Library/PrivateFrameworks/LoginUIKit.framework/Versions/A/Frameworks/LoginUICore.framework/Versions/A/LoginUICore
0x00000000111e5000 	/usr/lib/libCoreStorage.dylib
0x00000000111e5000 	/usr/lib/libcsfde.dylib
0x00000000111e5000 	/usr/lib/libodfde.dylib
0x00000000111e5000 	/System/Library/Frameworks/DiscRecording.framework/Versions/A/DiscRecording
0x00000000111e5000 	/usr/lib/libcurl.4.dylib
0x00000000111e5000 	/System/Library/PrivateFrameworks/MediaKit.framework/Versions/A/MediaKit
0x00000000111e5000 	/System/Library/PrivateFrameworks/ProtectedCloudStorage.framework/Versions/A/ProtectedCloudStorage
0x00000000111e5000 	/System/Library/PrivateFrameworks/EFILogin.framework/Versions/A/EFILogin
0x00000000111e5000 	/usr/lib/libutil.dylib
0x00000000111e5000 	/System/Library/Frameworks/LDAP.framework/Versions/A/LDAP
0x00000000111e5000 	/usr/lib/libsasl2.2.dylib
0x00000000111e5000 	/System/Library/PrivateFrameworks/CoreDaemon.framework/Versions/B/CoreDaemon
0x00000000111e5000 	/System/Library/PrivateFrameworks/AppleSRP.framework/Versions/A/AppleSRP
0x00000000111e5000 	/System/Library/PrivateFrameworks/APFS.framework/Versions/A/APFS
0x00000000111e5000 	/System/Library/Frameworks/ApplicationServices.framework/Versions/A/Frameworks/ATS.framework/Versions/A/Resources/libTrueTypeScaler.dylib
0x00000000111e5000 	/System/Library/Extensions/GeForceMTLDriver.bundle/Contents/MacOS/GeForceMTLDriver
0x000000012a13e000 	/System/Library/Extensions/AppleIntelHD4000GraphicsMTLDriver.bundle/Contents/MacOS/AppleIntelHD4000GraphicsMTLDriver

VM Arguments:
jvm_args: -Didea.launcher.port=7535 -Didea.launcher.bin.path=/Applications/IntelliJ IDEA CE.app/Contents/bin -Dfile.encoding=UTF-8 
java_command: com.intellij.rt.execution.application.AppMain main.Main
java_class_path (initial): /Library/Java/JavaVirtualMachines/jdk1.8.0_25.jdk/Contents/Home/jre/lib/charsets.jar:/Library/Java/JavaVirtualMachines/jdk1.8.0_25.jdk/Contents/Home/jre/lib/deploy.jar:/Library/Java/JavaVirtualMachines/jdk1.8.0_25.jdk/Contents/Home/jre/lib/ext/cldrdata.jar:/Library/Java/JavaVirtualMachines/jdk1.8.0_25.jdk/Contents/Home/jre/lib/ext/dnsns.jar:/Library/Java/JavaVirtualMachines/jdk1.8.0_25.jdk/Contents/Home/jre/lib/ext/jfxrt.jar:/Library/Java/JavaVirtualMachines/jdk1.8.0_25.jdk/Contents/Home/jre/lib/ext/localedata.jar:/Library/Java/JavaVirtualMachines/jdk1.8.0_25.jdk/Contents/Home/jre/lib/ext/nashorn.jar:/Library/Java/JavaVirtualMachines/jdk1.8.0_25.jdk/Contents/Home/jre/lib/ext/sunec.jar:/Library/Java/JavaVirtualMachines/jdk1.8.0_25.jdk/Contents/Home/jre/lib/ext/sunjce_provider.jar:/Library/Java/JavaVirtualMachines/jdk1.8.0_25.jdk/Contents/Home/jre/lib/ext/sunpkcs11.jar:/Library/Java/JavaVirtualMachines/jdk1.8.0_25.jdk/Contents/Home/jre/lib/ext/zipfs.jar:/Library/Java/JavaVirtualMachines/jdk1.8.0_25.jdk/Contents/Home/jre/lib/javaws.jar:/Library/Java/JavaVirtualMachines/jdk1.8.0_25.jdk/Contents/Home/jre/lib/jce.jar:/Library/Java/JavaVirtualMachines/jdk1.8.0_25.jdk/Contents/Home/jre/lib/jfr.jar:/Library/Java/JavaVirtualMachines/jdk1.8.0_25.jdk/Contents/Home/jre/lib/jfxswt.jar:/Library/Java/JavaVirtualMachines/jdk1.8.0_25.jdk/Contents/Home/jre/lib/jsse.jar:/Library/Java/JavaVirtualMachines/jdk1.8.0_25.jdk/Contents/Home/jre/lib/management-agent.jar:/Library/Java/JavaVirtualMachines/jdk1.8.0_25.jdk/Contents/Home/jre/lib/plugin.jar:/Library/Java/JavaVirtualMachines/jdk1.8.0_25.jdk/Contents/Home/jre/lib/resources.jar:/Library/Java/JavaVirtualMachines/jdk1.8.0_25.jdk/Contents/Home/jre/lib/rt.jar:/Library/Java/JavaVirtualMachines/jdk1.8.0_25.jdk/Contents/Home/lib/ant-javafx.jar:/Library/Java/JavaVirtualMachines/jdk1.8.0_25.jdk/Contents/Home/lib/dt.jar:/Library/Java/JavaVirtualMachines/jdk1.8.0_25.jdk/Contents/Home/lib/javafx-mx.jar:/Library/Java/Jav
Launcher Type: SUN_STANDARD

Environment Variables:
PATH=/usr/local/sbin:/Users/ahmadbarakat/.local/bin:/Users/ahmadbarakat/.cabal/bin:/Applications/ghc-7.10.3.app/Contents/bin:/Library/Frameworks/Python.framework/Versions/2.7/bin:~/.bin:/Users/ahmadbarakat/.local/bin:/Users/ahmadbarakat/.cabal/bin:/Applications/ghc-7.10.3.app/Contents/bin:/Users/ahmadbarakat/sdk/platform-tools:/Library/Frameworks/Python.framework/Versions/2.7/bin:/Library/Frameworks/Python.framework/Versions/3.4/bin:~/.bin:/usr/local/bin:/usr/bin:/bin:/usr/sbin:/sbin:/opt/X11/bin:/usr/local/mysql/bin
SHELL=/bin/zsh
DISPLAY=/private/tmp/com.apple.launchd.0oQymD8fzT/org.macosforge.xquartz:0
DYLD_LIBRARY_PATH=/usr/local/mysql-5.6.25-osx10.8-x86_64/lib:

Signal Handlers:
SIGSEGV: [libjvm.dylib+0x579dc7], sa_mask[0]=11111111011111110111111111111111, sa_flags=SA_ONSTACK|SA_RESTART|SA_SIGINFO
SIGBUS: [libjvm.dylib+0x579dc7], sa_mask[0]=11111111011111110111111111111111, sa_flags=SA_RESTART|SA_SIGINFO
SIGFPE: [libjvm.dylib+0x45b030], sa_mask[0]=11111111011111110111111111111111, sa_flags=SA_RESTART|SA_SIGINFO
SIGPIPE: [libjvm.dylib+0x45b030], sa_mask[0]=11111111011111110111111111111111, sa_flags=SA_RESTART|SA_SIGINFO
SIGXFSZ: [libjvm.dylib+0x45b030], sa_mask[0]=11111111011111110111111111111111, sa_flags=SA_RESTART|SA_SIGINFO
SIGILL: [libjvm.dylib+0x45b030], sa_mask[0]=11111111011111110111111111111111, sa_flags=SA_RESTART|SA_SIGINFO
SIGUSR1: SIG_DFL, sa_mask[0]=00000000000000000000000000000000, sa_flags=none
SIGUSR2: [libjvm.dylib+0x45ab4e], sa_mask[0]=00100000000000000000000000000000, sa_flags=SA_RESTART|SA_SIGINFO
SIGHUP: [libjvm.dylib+0x459121], sa_mask[0]=11111111011111110111111111111111, sa_flags=SA_RESTART|SA_SIGINFO
SIGINT: [libjvm.dylib+0x459121], sa_mask[0]=11111111011111110111111111111111, sa_flags=SA_RESTART|SA_SIGINFO
SIGTERM: [libjvm.dylib+0x459121], sa_mask[0]=11111111011111110111111111111111, sa_flags=SA_RESTART|SA_SIGINFO
SIGQUIT: [libjvm.dylib+0x459121], sa_mask[0]=11111111011111110111111111111111, sa_flags=SA_RESTART|SA_SIGINFO


---------------  S Y S T E M  ---------------

OS:Bsduname:Darwin 16.3.0 Darwin Kernel Version 16.3.0: Thu Nov 17 20:23:58 PST 2016; root:xnu-3789.31.2~1/RELEASE_X86_64 x86_64
rlimit: STACK 8192k, CORE 0k, NPROC 709, NOFILE 10240, AS infinity
load average:2.74 2.28 2.31

CPU:total 8 (4 cores per cpu, 2 threads per core) family 6 model 58 stepping 9, cmov, cx8, fxsr, mmx, sse, sse2, sse3, ssse3, sse4.1, sse4.2, popcnt, avx, aes, clmul, erms, ht, tsc, tscinvbit, tscinv

Memory: 4k page, physical 8388608k(447408k free)

/proc/meminfo:


vm_info: Java HotSpot(TM) 64-Bit Server VM (25.25-b02) for bsd-amd64 JRE (1.8.0_25-b17), built on Sep 17 2014 16:56:50 by "java_re" with gcc 4.2.1 (Based on Apple Inc. build 5658) (LLVM build 2336.11.00)

time: Thu Dec 29 19:55:14 2016
elapsed time: 3 seconds (0d 0h 0m 3s)

